# JRE version: Java(TM) SE Runtime Environment (8.0_144-b01) (build 1.8.0_144-b01)
# Java VM: Java HotSpot(TM) Client VM (25.144-b01 mixed mode windows-x86 )
Heap:
 def new generation   total 39424K, used 22618K [0x04c00000, 0x076c0000, 0x0f6a0000)
  eden space 35072K,  64% used [0x04c00000, 0x06215c10, 0x06e40000)
  from space 4352K,   0% used [0x07280000, 0x07280e88, 0x076c0000)
  to   space 4352K,   0% used [0x06e40000, 0x06e40000, 0x07280000)
 tenured generation   total 87424K, used 79640K [0x0f6a0000, 0x14c00000, 0x24c00000)
   the space 87424K,  91% used [0x0f6a0000, 0x14466120, 0x14466200, 0x14c00000)
 Metaspace       used 19464K, capacity 20006K, committed 20096K, reserved 20864K
GC Heap History (10 events):
Event: 236652.462 GC heap before
{Heap before GC invocations=229 (full 1):
 def new generation   total 39424K, used 35072K [0x04c00000, 0x076c0000, 0x0f6a0000)
  eden space 35072K, 100% used [0x04c00000, 0x06e40000, 0x06e40000)
  from space 4352K,   0% used [0x06e40000, 0x06e403d8, 0x07280000)
  to   space 4352K,   0% used [0x07280000, 0x07280000, 0x076c0000)
 tenured generation   total 87424K, used 79640K [0x0f6a0000, 0x14c00000, 0x24c00000)
   the space 87424K,  91% used [0x0f6a0000, 0x14466120, 0x14466200, 0x14c00000)
 Metaspace       used 19464K, capacity 20006K, committed 20096K, reserved 20864K
Event: 236652.463 GC heap after
Heap after GC invocations=230 (full 1):
 def new generation   total 39424K, used 1K [0x04c00000, 0x076c0000, 0x0f6a0000)
  eden space 35072K,   0% used [0x04c00000, 0x04c00000, 0x06e40000)
  from space 4352K,   0% used [0x07280000, 0x072805e8, 0x076c0000)
  to   space 4352K,   0% used [0x06e40000, 0x06e40000, 0x07280000)
 tenured generation   total 87424K, used 79640K [0x0f6a0000, 0x14c00000, 0x24c00000)
   the space 87424K,  91% used [0x0f6a0000, 0x14466120, 0x14466200, 0x14c00000)
 Metaspace       used 19464K, capacity 20006K, committed 20096K, reserved 20864K
}
Event: 237734.075 GC heap before
{Heap before GC invocations=230 (full 1):
 def new generation   total 39424K, used 35073K [0x04c00000, 0x076c0000, 0x0f6a0000)
  eden space 35072K, 100% used [0x04c00000, 0x06e40000, 0x06e40000)
  from space 4352K,   0% used [0x07280000, 0x072805e8, 0x076c0000)
  to   space 4352K,   0% used [0x06e40000, 0x06e40000, 0x07280000)
 tenured generation   total 87424K, used 79640K [0x0f6a0000, 0x14c00000, 0x24c00000)
   the space 87424K,  91% used [0x0f6a0000, 0x14466120, 0x14466200, 0x14c00000)
 Metaspace       used 19464K, capacity 20006K, committed 20096K, reserved 20864K
Event: 237734.076 GC heap after
Heap after GC invocations=231 (full 1):
 def new generation   total 39424K, used 0K [0x04c00000, 0x076c0000, 0x0f6a0000)
  eden space 35072K,   0% used [0x04c00000, 0x04c00000, 0x06e40000)
  from space 4352K,   0% used [0x06e40000, 0x06e40378, 0x07280000)
  to   space 4352K,   0% used [0x07280000, 0x07280000, 0x076c0000)
 tenured generation   total 87424K, used 79640K [0x0f6a0000, 0x14c00000, 0x24c00000)
   the space 87424K,  91% used [0x0f6a0000, 0x14466120, 0x14466200, 0x14c00000)
 Metaspace       used 19464K, capacity 20006K, committed 20096K, reserved 20864K
}
Event: 238821.449 GC heap before
{Heap before GC invocations=231 (full 1):
 def new generation   total 39424K, used 35072K [0x04c00000, 0x076c0000, 0x0f6a0000)
  eden space 35072K, 100% used [0x04c00000, 0x06e40000, 0x06e40000)
  from space 4352K,   0% used [0x06e40000, 0x06e40378, 0x07280000)
  to   space 4352K,   0% used [0x07280000, 0x07280000, 0x076c0000)
 tenured generation   total 87424K, used 79640K [0x0f6a0000, 0x14c00000, 0x24c00000)
   the space 87424K,  91% used [0x0f6a0000, 0x14466120, 0x14466200, 0x14c00000)
 Metaspace       used 19464K, capacity 20006K, committed 20096K, reserved 20864K
Event: 238821.451 GC heap after
Heap after GC invocations=232 (full 1):
 def new generation   total 39424K, used 5K [0x04c00000, 0x076c0000, 0x0f6a0000)
  eden space 35072K,   0% used [0x04c00000, 0x04c00000, 0x06e40000)
  from space 4352K,   0% used [0x07280000, 0x07281480, 0x076c0000)
  to   space 4352K,   0% used [0x06e40000, 0x06e40000, 0x07280000)
 tenured generation   total 87424K, used 79640K [0x0f6a0000, 0x14c00000, 0x24c00000)
   the space 87424K,  91% used [0x0f6a0000, 0x14466120, 0x14466200, 0x14c00000)
 Metaspace       used 19464K, capacity 20006K, committed 20096K, reserved 20864K
}
Event: 239899.794 GC heap before
{Heap before GC invocations=232 (full 1):
 def new generation   total 39424K, used 35077K [0x04c00000, 0x076c0000, 0x0f6a0000)
  eden space 35072K, 100% used [0x04c00000, 0x06e40000, 0x06e40000)
  from space 4352K,   0% used [0x07280000, 0x07281480, 0x076c0000)
  to   space 4352K,   0% used [0x06e40000, 0x06e40000, 0x07280000)
 tenured generation   total 87424K, used 79640K [0x0f6a0000, 0x14c00000, 0x24c00000)
   the space 87424K,  91% used [0x0f6a0000, 0x14466120, 0x14466200, 0x14c00000)
 Metaspace       used 19464K, capacity 20006K, committed 20096K, reserved 20864K
Event: 239899.795 GC heap after
Heap after GC invocations=233 (full 1):
 def new generation   total 39424K, used 0K [0x04c00000, 0x076c0000, 0x0f6a0000)
  eden space 35072K,   0% used [0x04c00000, 0x04c00000, 0x06e40000)
  from space 4352K,   0% used [0x06e40000, 0x06e40390, 0x07280000)
  to   space 4352K,   0% used [0x07280000, 0x07280000, 0x076c0000)
 tenured generation   total 87424K, used 79640K [0x0f6a0000, 0x14c00000, 0x24c00000)
   the space 87424K,  91% used [0x0f6a0000, 0x14466120, 0x14466200, 0x14c00000)
 Metaspace       used 19464K, capacity 20006K, committed 20096K, reserved 20864K
}
Event: 240818.931 GC heap before
{Heap before GC invocations=233 (full 1):
 def new generation   total 39424K, used 30418K [0x04c00000, 0x076c0000, 0x0f6a0000)
  eden space 35072K,  86% used [0x04c00000, 0x069b4860, 0x06e40000)
  from space 4352K,   0% used [0x06e40000, 0x06e40390, 0x07280000)
  to   space 4352K,   0% used [0x07280000, 0x07280000, 0x076c0000)
 tenured generation   total 87424K, used 79640K [0x0f6a0000, 0x14c00000, 0x24c00000)
   the space 87424K,  91% used [0x0f6a0000, 0x14466120, 0x14466200, 0x14c00000)
 Metaspace       used 19464K, capacity 20006K, committed 20096K, reserved 20864K
Event: 240818.932 GC heap after
Heap after GC invocations=234 (full 1):
 def new generation   total 39424K, used 3K [0x04c00000, 0x076c0000, 0x0f6a0000)
  eden space 35072K,   0% used [0x04c00000, 0x04c00000, 0x06e40000)
  from space 4352K,   0% used [0x07280000, 0x07280e88, 0x076c0000)
  to   space 4352K,   0% used [0x06e40000, 0x06e40000, 0x07280000)
 tenured generation   total 87424K, used 79640K [0x0f6a0000, 0x14c00000, 0x24c00000)
   the space 87424K,  91% used [0x0f6a0000, 0x14466120, 0x14466200, 0x14c00000)
 Metaspace       used 19464K, capacity 20006K, committed 20096K, reserved 20864K
}

